d:\vj\2dgame\02-bubble\02-bubble\debug\vc142.pdb
d:\vj\2dgame\02-bubble\02-bubble\debug\vc142.idb
d:\vj\2dgame\02-bubble\02-bubble\debug\tilemap.obj
d:\vj\2dgame\02-bubble\02-bubble\debug\texture.obj
d:\vj\2dgame\02-bubble\02-bubble\debug\sprite.obj
d:\vj\2dgame\02-bubble\02-bubble\debug\shaderprogram.obj
d:\vj\2dgame\02-bubble\02-bubble\debug\shader.obj
d:\vj\2dgame\02-bubble\02-bubble\debug\scene.obj
d:\vj\2dgame\02-bubble\02-bubble\debug\player.obj
d:\vj\2dgame\02-bubble\02-bubble\debug\main.obj
d:\vj\2dgame\02-bubble\02-bubble\debug\game.obj
d:\vj\2dgame\02-bubble\02-bubble\debug\goomba.obj
d:\vj\2dgame\02-bubble\02-bubble\debug\enemy.obj
d:\vj\2dgame\02-bubble\02-bubble\debug\powerup.obj
c:\escuela\7 curso\vj\vj-2d\02-bubble\02-bubble\debug\vc143.pdb
c:\escuela\7 curso\vj\vj-2d\02-bubble\02-bubble\debug\vc143.idb
c:\escuela\7 curso\vj\vj-2d\02-bubble\02-bubble\debug\tilemap.obj
c:\escuela\7 curso\vj\vj-2d\02-bubble\02-bubble\debug\texture.obj
c:\escuela\7 curso\vj\vj-2d\02-bubble\02-bubble\debug\sprite.obj
c:\escuela\7 curso\vj\vj-2d\02-bubble\02-bubble\debug\powerup.obj
c:\escuela\7 curso\vj\vj-2d\02-bubble\02-bubble\debug\shaderprogram.obj
c:\escuela\7 curso\vj\vj-2d\02-bubble\02-bubble\debug\shader.obj
c:\escuela\7 curso\vj\vj-2d\02-bubble\02-bubble\debug\scene.obj
c:\escuela\7 curso\vj\vj-2d\02-bubble\02-bubble\debug\player.obj
c:\escuela\7 curso\vj\vj-2d\02-bubble\02-bubble\debug\main.obj
c:\escuela\7 curso\vj\vj-2d\02-bubble\02-bubble\debug\enemy.obj
c:\escuela\7 curso\vj\vj-2d\02-bubble\02-bubble\debug\game.obj
c:\escuela\7 curso\vj\vj-2d\02-bubble\02-bubble\debug\texturedquad.obj
c:\escuela\7 curso\vj\vj-2d\02-bubble\02-bubble\debug\menu.obj
c:\escuela\7 curso\vj\vj-2d\02-bubble\02-bubble\debug\goomba.obj
d:\vj\2dgame\02-bubble\debug\02-bubble.exe
d:\vj\2dgame\02-bubble\debug\02-bubble.ilk
d:\vj\2dgame\02-bubble\debug\02-bubble.pdb
c:\escuela\7 curso\vj\vj-2d\02-bubble\02-bubble\debug\02-bubble.ilk
c:\escuela\7 curso\vj\vj-2d\02-bubble\debug\02-bubble.exe
c:\escuela\7 curso\vj\vj-2d\02-bubble\debug\02-bubble.pdb
c:\escuela\7 curso\vj\vj-2d\02-bubble\02-bubble\debug\mushroom.obj
c:\escuela\7 curso\vj\vj-2d\02-bubble\02-bubble\debug\scene.obj.enc
c:\escuela\7 curso\vj\vj-2d\02-bubble\02-bubble\debug\vc142.idb
c:\escuela\7 curso\vj\vj-2d\02-bubble\02-bubble\debug\vc142.pdb
c:\escuela\7 curso\vj\vj-2d\02-bubble\debug\02-bubble.ilk
c:\escuela\7 curso\vj\vj-2d\02-bubble\02-bubble\debug\02-bubble.tlog\cl.command.1.tlog
c:\escuela\7 curso\vj\vj-2d\02-bubble\02-bubble\debug\02-bubble.tlog\cl.items.tlog
c:\escuela\7 curso\vj\vj-2d\02-bubble\02-bubble\debug\02-bubble.tlog\cl.read.1.tlog
c:\escuela\7 curso\vj\vj-2d\02-bubble\02-bubble\debug\02-bubble.tlog\cl.write.1.tlog
c:\escuela\7 curso\vj\vj-2d\02-bubble\02-bubble\debug\02-bubble.tlog\link.command.1.tlog
c:\escuela\7 curso\vj\vj-2d\02-bubble\02-bubble\debug\02-bubble.tlog\link.read.1.tlog
c:\escuela\7 curso\vj\vj-2d\02-bubble\02-bubble\debug\02-bubble.tlog\link.write.1.tlog
